TN:
SF:src/middleware/proxy.js
FN:3,(anonymous_0)
FN:16,(anonymous_1)
FN:23,(anonymous_2)
FN:26,(anonymous_3)
FN:40,(anonymous_4)
FNF:5
FNH:0
FNDA:0,(anonymous_0)
FNDA:0,(anonymous_1)
FNDA:0,(anonymous_2)
FNDA:0,(anonymous_3)
FNDA:0,(anonymous_4)
DA:1,0
DA:3,0
DA:4,0
DA:5,0
DA:7,0
DA:9,0
DA:17,0
DA:18,0
DA:19,0
DA:21,0
DA:24,0
DA:27,0
DA:30,0
DA:40,0
DA:41,0
DA:42,0
DA:43,0
DA:45,0
DA:46,0
DA:49,0
DA:57,0
DA:58,0
LF:22
LH:0
BRDA:3,0,0,0
BRDA:4,1,0,0
BRDA:4,1,1,0
BRDA:4,2,0,0
BRDA:4,2,1,0
BRDA:5,3,0,0
BRDA:5,3,1,0
BRDA:5,4,0,0
BRDA:5,4,1,0
BRDA:18,5,0,0
BRDA:18,5,1,0
BRDA:18,6,0,0
BRDA:18,6,1,0
BRDA:45,7,0,0
BRDA:45,7,1,0
BRDA:45,8,0,0
BRDA:45,8,1,0
BRDA:57,9,0,0
BRDA:57,9,1,0
BRF:19
BRH:0
end_of_record
TN:
SF:src/routes/api.js
FN:9,(anonymous_0)
FN:38,(anonymous_1)
FN:67,(anonymous_2)
FNF:3
FNH:0
FNDA:0,(anonymous_0)
FNDA:0,(anonymous_1)
FNDA:0,(anonymous_2)
DA:1,0
DA:2,0
DA:3,0
DA:4,0
DA:6,0
DA:9,0
DA:10,0
DA:11,0
DA:13,0
DA:15,0
DA:17,0
DA:19,0
DA:20,0
DA:23,0
DA:24,0
DA:25,0
DA:28,0
DA:29,0
DA:38,0
DA:39,0
DA:40,0
DA:42,0
DA:44,0
DA:46,0
DA:48,0
DA:49,0
DA:52,0
DA:53,0
DA:54,0
DA:57,0
DA:58,0
DA:67,0
DA:68,0
DA:70,0
DA:71,0
DA:72,0
DA:81,0
DA:82,0
DA:85,0
DA:86,0
DA:88,0
DA:89,0
DA:97,0
LF:43
LH:0
BRDA:17,0,0,0
BRDA:17,0,1,0
BRDA:17,1,0,0
BRDA:17,1,1,0
BRDA:46,2,0,0
BRDA:46,2,1,0
BRDA:46,3,0,0
BRDA:46,3,1,0
BRDA:71,4,0,0
BRDA:71,4,1,0
BRDA:81,5,0,0
BRDA:81,5,1,0
BRF:12
BRH:0
end_of_record
TN:
SF:src/routes/atoms.js
FN:9,(anonymous_0)
FN:48,(anonymous_1)
FN:70,(anonymous_2)
FN:111,(anonymous_3)
FNF:4
FNH:0
FNDA:0,(anonymous_0)
FNDA:0,(anonymous_1)
FNDA:0,(anonymous_2)
FNDA:0,(anonymous_3)
DA:1,0
DA:2,0
DA:3,0
DA:4,0
DA:6,0
DA:9,0
DA:10,0
DA:11,0
DA:12,0
DA:13,0
DA:15,0
DA:17,0
DA:18,0
DA:20,0
DA:23,0
DA:29,0
DA:30,0
DA:31,0
DA:34,0
DA:37,0
DA:39,0
DA:47,0
DA:48,0
DA:49,0
DA:53,0
DA:54,0
DA:55,0
DA:58,0
DA:59,0
DA:61,0
DA:64,0
DA:65,0
DA:70,0
DA:71,0
DA:72,0
DA:73,0
DA:74,0
DA:75,0
DA:77,0
DA:79,0
DA:80,0
DA:82,0
DA:85,0
DA:91,0
DA:92,0
DA:93,0
DA:96,0
DA:97,0
DA:100,0
DA:102,0
DA:110,0
DA:111,0
DA:112,0
DA:116,0
DA:117,0
DA:118,0
DA:121,0
DA:122,0
DA:124,0
DA:127,0
DA:128,0
DA:132,0
LF:62
LH:0
BRDA:15,0,0,0
BRDA:15,0,1,0
BRDA:29,1,0,0
BRDA:29,1,1,0
BRDA:47,2,0,0
BRDA:47,2,1,0
BRDA:54,3,0,0
BRDA:54,3,1,0
BRDA:58,4,0,0
BRDA:58,4,1,0
BRDA:58,5,0,0
BRDA:58,5,1,0
BRDA:77,6,0,0
BRDA:77,6,1,0
BRDA:91,7,0,0
BRDA:91,7,1,0
BRDA:110,8,0,0
BRDA:110,8,1,0
BRDA:117,9,0,0
BRDA:117,9,1,0
BRDA:121,10,0,0
BRDA:121,10,1,0
BRDA:121,11,0,0
BRDA:121,11,1,0
BRF:24
BRH:0
end_of_record
TN:
SF:src/routes/index.js
FN:9,(anonymous_0)
FN:19,(anonymous_1)
FN:21,(anonymous_2)
FN:24,(anonymous_3)
FN:26,(anonymous_4)
FN:30,(anonymous_5)
FN:32,(anonymous_6)
FNF:7
FNH:0
FNDA:0,(anonymous_0)
FNDA:0,(anonymous_1)
FNDA:0,(anonymous_2)
FNDA:0,(anonymous_3)
FNDA:0,(anonymous_4)
FNDA:0,(anonymous_5)
FNDA:0,(anonymous_6)
DA:1,0
DA:2,0
DA:3,0
DA:4,0
DA:6,0
DA:9,0
DA:10,0
DA:11,0
DA:19,0
DA:20,0
DA:21,0
DA:24,0
DA:25,0
DA:26,0
DA:30,0
DA:31,0
DA:32,0
DA:36,0
DA:38,0
LF:19
LH:0
BRDA:14,0,0,0
BRDA:14,0,1,0
BRDA:21,1,0,0
BRDA:21,1,1,0
BRDA:26,2,0,0
BRDA:26,2,1,0
BRDA:32,3,0,0
BRDA:32,3,1,0
BRF:8
BRH:0
end_of_record
TN:
SF:src/routes/redundafier.js
FN:13,(anonymous_0)
FN:27,(anonymous_1)
FN:44,(anonymous_2)
FN:75,(anonymous_3)
FN:94,(anonymous_4)
FNF:5
FNH:0
FNDA:0,(anonymous_0)
FNDA:0,(anonymous_1)
FNDA:0,(anonymous_2)
FNDA:0,(anonymous_3)
FNDA:0,(anonymous_4)
DA:1,0
DA:2,0
DA:4,0
DA:13,0
DA:14,0
DA:15,0
DA:27,0
DA:28,0
DA:29,0
DA:30,0
DA:32,0
DA:35,0
DA:44,0
DA:45,0
DA:46,0
DA:47,0
DA:50,0
DA:51,0
DA:54,0
DA:60,0
DA:61,0
DA:62,0
DA:66,0
DA:74,0
DA:75,0
DA:82,0
DA:83,0
DA:85,0
DA:90,0
DA:91,0
DA:94,0
DA:95,0
DA:96,0
DA:103,0
LF:34
LH:0
BRDA:28,0,0,0
BRDA:28,0,1,0
BRDA:60,1,0,0
BRDA:60,1,1,0
BRDA:69,2,0,0
BRDA:69,2,1,0
BRF:6
BRH:0
end_of_record
TN:
SF:src/routes/upload.js
FN:11,(anonymous_0)
FN:25,(anonymous_1)
FN:35,(anonymous_2)
FN:46,(anonymous_3)
FN:67,(anonymous_4)
FN:85,(anonymous_5)
FNF:6
FNH:5
FNDA:12,(anonymous_0)
FNDA:0,(anonymous_1)
FNDA:1,(anonymous_2)
FNDA:10,(anonymous_3)
FNDA:9,(anonymous_4)
FNDA:9,(anonymous_5)
DA:1,1
DA:2,1
DA:3,1
DA:4,1
DA:5,1
DA:6,1
DA:8,1
DA:11,1
DA:12,12
DA:13,3
DA:18,9
DA:22,1
DA:23,1
DA:26,0
DA:27,0
DA:29,0
DA:35,1
DA:36,1
DA:37,1
DA:42,0
DA:46,1
DA:47,10
DA:48,0
DA:54,10
DA:55,11
DA:56,1
DA:63,9
DA:67,1
DA:68,9
DA:69,0
DA:72,9
DA:73,9
DA:74,9
DA:75,0
DA:77,9
DA:82,9
DA:85,1
DA:86,9
DA:88,9
DA:89,9
DA:91,0
DA:98,9
DA:99,9
DA:102,5
DA:104,2
DA:105,1
DA:106,1
DA:108,1
DA:110,2
DA:112,3
DA:116,4
DA:117,2
DA:122,2
DA:131,1
DA:132,1
DA:133,1
LF:56
LH:48
BRDA:12,0,0,3
BRDA:12,0,1,9
BRDA:26,1,0,0
BRDA:26,1,1,0
BRDA:26,2,0,0
BRDA:26,2,1,0
BRDA:36,3,0,1
BRDA:36,3,1,0
BRDA:36,4,0,1
BRDA:36,4,1,0
BRDA:47,5,0,0
BRDA:47,5,1,10
BRDA:47,6,0,10
BRDA:47,6,1,10
BRDA:55,7,0,1
BRDA:55,7,1,10
BRDA:55,8,0,11
BRDA:55,8,1,10
BRDA:68,9,0,0
BRDA:68,9,1,9
BRDA:68,10,0,9
BRDA:68,10,1,9
BRDA:74,11,0,0
BRDA:74,11,1,9
BRDA:74,12,0,9
BRDA:74,12,1,9
BRDA:98,13,0,1
BRDA:98,13,1,8
BRDA:102,14,0,2
BRDA:102,14,1,3
BRDA:102,15,0,5
BRDA:102,15,1,2
BRDA:102,15,2,2
BRDA:104,16,0,1
BRDA:104,16,1,1
BRDA:116,17,0,2
BRDA:116,17,1,2
BRDA:116,18,0,4
BRDA:116,18,1,3
BRDA:124,19,0,2
BRDA:124,19,1,1
BRF:41
BRH:32
end_of_record
TN:
SF:src/services/request.js
FN:11,sendRequest
FN:79,sendDuplicateRequests
FNF:2
FNH:0
FNDA:0,sendRequest
FNDA:0,sendDuplicateRequests
DA:1,1
DA:12,0
DA:18,0
DA:19,0
DA:28,0
DA:29,0
DA:32,0
DA:36,0
DA:37,0
DA:40,0
DA:43,0
DA:50,0
DA:57,0
DA:58,0
DA:80,0
DA:81,0
DA:84,0
DA:85,0
DA:88,0
DA:89,0
DA:92,0
DA:95,0
DA:100,0
DA:103,1
LF:24
LH:2
BRDA:11,0,0,0
BRDA:15,1,0,0
BRDA:15,1,1,0
BRDA:28,2,0,0
BRDA:28,2,1,0
BRDA:28,3,0,0
BRDA:28,3,1,0
BRDA:28,3,2,0
BRDA:53,4,0,0
BRDA:53,4,1,0
BRDA:79,5,0,0
BRDA:89,6,0,0
BRDA:89,6,1,0
BRF:13
BRH:0
end_of_record
TN:
SF:src/services/response.js
FN:6,formatJsonResponses
FN:9,(anonymous_1)
FN:48,setResponseHeaders
FNF:3
FNH:1
FNDA:0,formatJsonResponses
FNDA:0,(anonymous_1)
FNDA:1,setResponseHeaders
DA:7,0
DA:8,0
DA:9,0
DA:18,0
DA:19,0
DA:20,0
DA:40,0
DA:49,1
DA:50,1
DA:51,1
DA:55,1
LF:11
LH:4
BRDA:7,0,0,0
BRDA:7,0,1,0
BRDA:19,1,0,0
BRDA:19,1,1,0
BRDA:19,2,0,0
BRDA:19,2,1,0
BRDA:49,3,0,0
BRDA:49,3,1,1
BRF:8
BRH:1
end_of_record
