TN:
SF:server.js
FN:16,(anonymous_0)
FNF:1
FNH:0
FNDA:0,(anonymous_0)
DA:1,1
DA:2,1
DA:3,1
DA:4,1
DA:6,1
DA:9,1
DA:12,1
DA:15,1
DA:16,0
DA:17,0
DA:18,0
DA:23,1
LF:12
LH:9
BRDA:15,0,0,0
BRDA:15,0,1,1
BRF:2
BRH:1
end_of_record
TN:
SF:src/config/server.js
FNF:0
FNH:0
DA:1,1
LF:1
LH:1
BRF:0
BRH:0
end_of_record
TN:
SF:src/middleware/proxy.js
FNF:0
FNH:0
DA:1,1
DA:2,1
DA:5,1
DA:10,1
LF:4
LH:4
BRF:0
BRH:0
end_of_record
TN:
SF:src/routes/upload.js
FN:8,(anonymous_0)
FNF:1
FNH:1
FNDA:1,(anonymous_0)
DA:1,1
DA:2,1
DA:3,1
DA:5,1
DA:8,1
DA:9,1
DA:10,1
DA:12,1
DA:14,1
DA:16,1
DA:18,0
DA:19,0
DA:22,1
DA:23,1
DA:24,1
DA:27,0
DA:28,0
DA:35,1
LF:18
LH:14
BRDA:16,0,0,0
BRDA:16,0,1,1
BRDA:16,1,0,1
BRDA:16,1,1,0
BRF:4
BRH:2
end_of_record
TN:
SF:src/services/request.js
FN:10,sendRequest
FN:50,sendDuplicateRequests
FNF:2
FNH:2
FNDA:2,sendRequest
FNDA:1,sendDuplicateRequests
DA:1,1
DA:11,2
DA:22,2
DA:23,2
DA:24,0
DA:25,0
DA:32,2
DA:33,2
DA:34,2
DA:51,1
DA:52,1
DA:58,1
LF:12
LH:10
BRDA:22,0,0,2
BRDA:22,0,1,0
BRDA:23,1,0,0
BRDA:23,1,1,2
BRF:4
BRH:2
end_of_record
TN:
SF:src/services/response.js
FN:7,formatJsonResponses
FN:33,setResponseHeaders
FNF:2
FNH:1
FNDA:0,formatJsonResponses
FNDA:1,setResponseHeaders
DA:8,0
DA:34,1
DA:35,7
DA:39,1
LF:4
LH:3
BRF:0
BRH:0
end_of_record
